{"C:\\Users\\USER\\Desktop\\Projects\\Back-End Development\\Nodejs\\CRUD-of-Events\\controllers\\eventController.js": {"path":"C:\\Users\\USER\\Desktop\\Projects\\Back-End Development\\Nodejs\\CRUD-of-Events\\controllers\\eventController.js","statementMap":{"0":{"start":{"line":1,"column":14},"end":{"line":1,"column":40}},"1":{"start":{"line":2,"column":24},"end":{"line":2,"column":52}},"2":{"start":{"line":3,"column":21},"end":{"line":3,"column":41}},"3":{"start":{"line":4,"column":24},"end":{"line":4,"column":43}},"4":{"start":{"line":6,"column":20},"end":{"line":10,"column":1}},"5":{"start":{"line":7,"column":16},"end":{"line":7,"column":44}},"6":{"start":{"line":9,"column":2},"end":{"line":9,"column":50}},"7":{"start":{"line":12,"column":21},"end":{"line":21,"column":1}},"8":{"start":{"line":13,"column":24},"end":{"line":13,"column":34}},"9":{"start":{"line":15,"column":15},"end":{"line":15,"column":46}},"10":{"start":{"line":16,"column":2},"end":{"line":18,"column":3}},"11":{"start":{"line":17,"column":4},"end":{"line":17,"column":34}},"12":{"start":{"line":20,"column":2},"end":{"line":20,"column":68}},"13":{"start":{"line":23,"column":17},"end":{"line":32,"column":1}},"14":{"start":{"line":24,"column":26},"end":{"line":24,"column":36}},"15":{"start":{"line":26,"column":16},"end":{"line":26,"column":53}},"16":{"start":{"line":27,"column":2},"end":{"line":29,"column":3}},"17":{"start":{"line":28,"column":4},"end":{"line":28,"column":49}},"18":{"start":{"line":31,"column":2},"end":{"line":31,"column":45}},"19":{"start":{"line":34,"column":33},"end":{"line":50,"column":1}},"20":{"start":{"line":35,"column":24},"end":{"line":35,"column":34}},"21":{"start":{"line":36,"column":21},"end":{"line":36,"column":29}},"22":{"start":{"line":38,"column":17},"end":{"line":38,"column":56}},"23":{"start":{"line":40,"column":2},"end":{"line":42,"column":3}},"24":{"start":{"line":41,"column":4},"end":{"line":41,"column":49}},"25":{"start":{"line":44,"column":24},"end":{"line":44,"column":69}},"26":{"start":{"line":46,"column":2},"end":{"line":49,"column":5}},"27":{"start":{"line":52,"column":20},"end":{"line":65,"column":1}},"28":{"start":{"line":53,"column":26},"end":{"line":53,"column":36}},"29":{"start":{"line":55,"column":16},"end":{"line":55,"column":53}},"30":{"start":{"line":56,"column":2},"end":{"line":58,"column":3}},"31":{"start":{"line":57,"column":4},"end":{"line":57,"column":49}},"32":{"start":{"line":60,"column":2},"end":{"line":60,"column":45}},"33":{"start":{"line":62,"column":2},"end":{"line":62,"column":42}},"34":{"start":{"line":64,"column":2},"end":{"line":64,"column":59}},"35":{"start":{"line":67,"column":0},"end":{"line":73,"column":2}}},"fnMap":{"0":{"name":"(anonymous_0)","decl":{"start":{"line":6,"column":20},"end":{"line":6,"column":21}},"loc":{"start":{"line":6,"column":40},"end":{"line":10,"column":1}},"line":6},"1":{"name":"(anonymous_1)","decl":{"start":{"line":12,"column":21},"end":{"line":12,"column":22}},"loc":{"start":{"line":12,"column":41},"end":{"line":21,"column":1}},"line":12},"2":{"name":"(anonymous_2)","decl":{"start":{"line":23,"column":17},"end":{"line":23,"column":18}},"loc":{"start":{"line":23,"column":37},"end":{"line":32,"column":1}},"line":23},"3":{"name":"(anonymous_3)","decl":{"start":{"line":34,"column":33},"end":{"line":34,"column":34}},"loc":{"start":{"line":34,"column":53},"end":{"line":50,"column":1}},"line":34},"4":{"name":"(anonymous_4)","decl":{"start":{"line":52,"column":20},"end":{"line":52,"column":21}},"loc":{"start":{"line":52,"column":40},"end":{"line":65,"column":1}},"line":52}},"branchMap":{"0":{"loc":{"start":{"line":16,"column":2},"end":{"line":18,"column":3}},"type":"if","locations":[{"start":{"line":16,"column":2},"end":{"line":18,"column":3}},{"start":{},"end":{}}],"line":16},"1":{"loc":{"start":{"line":27,"column":2},"end":{"line":29,"column":3}},"type":"if","locations":[{"start":{"line":27,"column":2},"end":{"line":29,"column":3}},{"start":{},"end":{}}],"line":27},"2":{"loc":{"start":{"line":40,"column":2},"end":{"line":42,"column":3}},"type":"if","locations":[{"start":{"line":40,"column":2},"end":{"line":42,"column":3}},{"start":{},"end":{}}],"line":40},"3":{"loc":{"start":{"line":56,"column":2},"end":{"line":58,"column":3}},"type":"if","locations":[{"start":{"line":56,"column":2},"end":{"line":58,"column":3}},{"start":{},"end":{}}],"line":56}},"s":{"0":1,"1":1,"2":1,"3":1,"4":1,"5":1,"6":1,"7":1,"8":2,"9":2,"10":2,"11":1,"12":2,"13":1,"14":2,"15":2,"16":2,"17":1,"18":1,"19":1,"20":2,"21":2,"22":2,"23":2,"24":1,"25":1,"26":1,"27":1,"28":2,"29":2,"30":2,"31":1,"32":1,"33":1,"34":1,"35":1},"f":{"0":1,"1":2,"2":2,"3":2,"4":2},"b":{"0":[1,1],"1":[1,1],"2":[1,1],"3":[1,1]},"_coverageSchema":"1a1c01bbd47fc00a2c39e90264f33305004495a9","hash":"ac0f5a2bd1151f41b23fc5edde8c96998f202d22"}
,"C:\\Users\\USER\\Desktop\\Projects\\Back-End Development\\Nodejs\\CRUD-of-Events\\controllers\\userController.js": {"path":"C:\\Users\\USER\\Desktop\\Projects\\Back-End Development\\Nodejs\\CRUD-of-Events\\controllers\\userController.js","statementMap":{"0":{"start":{"line":1,"column":13},"end":{"line":1,"column":38}},"1":{"start":{"line":2,"column":24},"end":{"line":2,"column":52}},"2":{"start":{"line":3,"column":39},"end":{"line":3,"column":58}},"3":{"start":{"line":4,"column":40},"end":{"line":4,"column":60}},"4":{"start":{"line":6,"column":19},"end":{"line":20,"column":1}},"5":{"start":{"line":7,"column":40},"end":{"line":7,"column":48}},"6":{"start":{"line":9,"column":25},"end":{"line":9,"column":67}},"7":{"start":{"line":10,"column":2},"end":{"line":15,"column":3}},"8":{"start":{"line":11,"column":4},"end":{"line":14,"column":6}},"9":{"start":{"line":17,"column":15},"end":{"line":17,"column":42}},"10":{"start":{"line":19,"column":2},"end":{"line":19,"column":55}},"11":{"start":{"line":22,"column":14},"end":{"line":56,"column":1}},"12":{"start":{"line":23,"column":30},"end":{"line":23,"column":38}},"13":{"start":{"line":24,"column":2},"end":{"line":26,"column":3}},"14":{"start":{"line":25,"column":4},"end":{"line":25,"column":74}},"15":{"start":{"line":28,"column":15},"end":{"line":28,"column":44}},"16":{"start":{"line":29,"column":2},"end":{"line":34,"column":3}},"17":{"start":{"line":30,"column":4},"end":{"line":33,"column":7}},"18":{"start":{"line":36,"column":24},"end":{"line":36,"column":60}},"19":{"start":{"line":37,"column":2},"end":{"line":42,"column":3}},"20":{"start":{"line":38,"column":4},"end":{"line":41,"column":7}},"21":{"start":{"line":44,"column":18},"end":{"line":44,"column":45}},"22":{"start":{"line":45,"column":16},"end":{"line":45,"column":38}},"23":{"start":{"line":47,"column":2},"end":{"line":55,"column":5}},"24":{"start":{"line":58,"column":0},"end":{"line":58,"column":39}}},"fnMap":{"0":{"name":"(anonymous_0)","decl":{"start":{"line":6,"column":19},"end":{"line":6,"column":20}},"loc":{"start":{"line":6,"column":39},"end":{"line":20,"column":1}},"line":6},"1":{"name":"(anonymous_1)","decl":{"start":{"line":22,"column":14},"end":{"line":22,"column":15}},"loc":{"start":{"line":22,"column":34},"end":{"line":56,"column":1}},"line":22}},"branchMap":{"0":{"loc":{"start":{"line":10,"column":2},"end":{"line":15,"column":3}},"type":"if","locations":[{"start":{"line":10,"column":2},"end":{"line":15,"column":3}},{"start":{},"end":{}}],"line":10},"1":{"loc":{"start":{"line":24,"column":2},"end":{"line":26,"column":3}},"type":"if","locations":[{"start":{"line":24,"column":2},"end":{"line":26,"column":3}},{"start":{},"end":{}}],"line":24},"2":{"loc":{"start":{"line":24,"column":6},"end":{"line":24,"column":25}},"type":"binary-expr","locations":[{"start":{"line":24,"column":6},"end":{"line":24,"column":12}},{"start":{"line":24,"column":16},"end":{"line":24,"column":25}}],"line":24},"3":{"loc":{"start":{"line":29,"column":2},"end":{"line":34,"column":3}},"type":"if","locations":[{"start":{"line":29,"column":2},"end":{"line":34,"column":3}},{"start":{},"end":{}}],"line":29},"4":{"loc":{"start":{"line":37,"column":2},"end":{"line":42,"column":3}},"type":"if","locations":[{"start":{"line":37,"column":2},"end":{"line":42,"column":3}},{"start":{},"end":{}}],"line":37}},"s":{"0":1,"1":1,"2":1,"3":1,"4":1,"5":2,"6":2,"7":2,"8":1,"9":1,"10":1,"11":1,"12":4,"13":4,"14":1,"15":3,"16":3,"17":1,"18":2,"19":2,"20":1,"21":1,"22":1,"23":1,"24":1},"f":{"0":2,"1":4},"b":{"0":[1,1],"1":[1,3],"2":[4,3],"3":[1,2],"4":[1,1]},"_coverageSchema":"1a1c01bbd47fc00a2c39e90264f33305004495a9","hash":"e2d76bb606d618edaccc4189d5dafba18d3c1e89"}
,"C:\\Users\\USER\\Desktop\\Projects\\Back-End Development\\Nodejs\\CRUD-of-Events\\errors\\BadRequest.js": {"path":"C:\\Users\\USER\\Desktop\\Projects\\Back-End Development\\Nodejs\\CRUD-of-Events\\errors\\BadRequest.js","statementMap":{"0":{"start":{"line":1,"column":24},"end":{"line":1,"column":52}},"1":{"start":{"line":2,"column":20},"end":{"line":2,"column":44}},"2":{"start":{"line":6,"column":4},"end":{"line":6,"column":19}},"3":{"start":{"line":7,"column":4},"end":{"line":7,"column":23}},"4":{"start":{"line":8,"column":4},"end":{"line":8,"column":46}},"5":{"start":{"line":12,"column":0},"end":{"line":12,"column":28}}},"fnMap":{"0":{"name":"(anonymous_0)","decl":{"start":{"line":5,"column":2},"end":{"line":5,"column":3}},"loc":{"start":{"line":5,"column":30},"end":{"line":9,"column":3}},"line":5}},"branchMap":{},"s":{"0":2,"1":2,"2":2,"3":2,"4":2,"5":2},"f":{"0":2},"b":{},"_coverageSchema":"1a1c01bbd47fc00a2c39e90264f33305004495a9","hash":"b75f7a3ad94fd8fa93bdd1b36e55233ad23c2702"}
,"C:\\Users\\USER\\Desktop\\Projects\\Back-End Development\\Nodejs\\CRUD-of-Events\\errors\\CustomError.js": {"path":"C:\\Users\\USER\\Desktop\\Projects\\Back-End Development\\Nodejs\\CRUD-of-Events\\errors\\CustomError.js","statementMap":{"0":{"start":{"line":3,"column":4},"end":{"line":3,"column":19}},"1":{"start":{"line":4,"column":4},"end":{"line":4,"column":23}},"2":{"start":{"line":8,"column":0},"end":{"line":8,"column":29}}},"fnMap":{"0":{"name":"(anonymous_0)","decl":{"start":{"line":2,"column":2},"end":{"line":2,"column":3}},"loc":{"start":{"line":2,"column":30},"end":{"line":5,"column":3}},"line":2}},"branchMap":{},"s":{"0":7,"1":7,"2":2},"f":{"0":7},"b":{},"_coverageSchema":"1a1c01bbd47fc00a2c39e90264f33305004495a9","hash":"459107f92b3b23ce907cfdd3901bed3be4c0ad20"}
,"C:\\Users\\USER\\Desktop\\Projects\\Back-End Development\\Nodejs\\CRUD-of-Events\\errors\\NotFound.js": {"path":"C:\\Users\\USER\\Desktop\\Projects\\Back-End Development\\Nodejs\\CRUD-of-Events\\errors\\NotFound.js","statementMap":{"0":{"start":{"line":1,"column":24},"end":{"line":1,"column":52}},"1":{"start":{"line":2,"column":20},"end":{"line":2,"column":44}},"2":{"start":{"line":6,"column":4},"end":{"line":6,"column":19}},"3":{"start":{"line":7,"column":4},"end":{"line":7,"column":23}},"4":{"start":{"line":8,"column":4},"end":{"line":8,"column":44}},"5":{"start":{"line":12,"column":0},"end":{"line":12,"column":26}}},"fnMap":{"0":{"name":"(anonymous_0)","decl":{"start":{"line":5,"column":2},"end":{"line":5,"column":3}},"loc":{"start":{"line":5,"column":30},"end":{"line":9,"column":3}},"line":5}},"branchMap":{},"s":{"0":2,"1":2,"2":3,"3":3,"4":3,"5":2},"f":{"0":3},"b":{},"_coverageSchema":"1a1c01bbd47fc00a2c39e90264f33305004495a9","hash":"79527d736587eeac58945c8ab0017915345d228c"}
,"C:\\Users\\USER\\Desktop\\Projects\\Back-End Development\\Nodejs\\CRUD-of-Events\\errors\\Unauthenticated.js": {"path":"C:\\Users\\USER\\Desktop\\Projects\\Back-End Development\\Nodejs\\CRUD-of-Events\\errors\\Unauthenticated.js","statementMap":{"0":{"start":{"line":1,"column":24},"end":{"line":1,"column":52}},"1":{"start":{"line":2,"column":20},"end":{"line":2,"column":44}},"2":{"start":{"line":6,"column":4},"end":{"line":6,"column":19}},"3":{"start":{"line":7,"column":4},"end":{"line":7,"column":23}},"4":{"start":{"line":8,"column":4},"end":{"line":8,"column":47}},"5":{"start":{"line":12,"column":0},"end":{"line":12,"column":33}}},"fnMap":{"0":{"name":"(anonymous_0)","decl":{"start":{"line":5,"column":2},"end":{"line":5,"column":3}},"loc":{"start":{"line":5,"column":30},"end":{"line":9,"column":3}},"line":5}},"branchMap":{},"s":{"0":2,"1":2,"2":2,"3":2,"4":2,"5":2},"f":{"0":2},"b":{},"_coverageSchema":"1a1c01bbd47fc00a2c39e90264f33305004495a9","hash":"e55710a35e009dd9a8d9014dca85955e7190f179"}
,"C:\\Users\\USER\\Desktop\\Projects\\Back-End Development\\Nodejs\\CRUD-of-Events\\errors\\Unauthorized.js": {"path":"C:\\Users\\USER\\Desktop\\Projects\\Back-End Development\\Nodejs\\CRUD-of-Events\\errors\\Unauthorized.js","statementMap":{"0":{"start":{"line":1,"column":24},"end":{"line":1,"column":52}},"1":{"start":{"line":2,"column":20},"end":{"line":2,"column":44}},"2":{"start":{"line":6,"column":4},"end":{"line":6,"column":19}},"3":{"start":{"line":7,"column":4},"end":{"line":7,"column":23}},"4":{"start":{"line":8,"column":4},"end":{"line":8,"column":44}},"5":{"start":{"line":12,"column":0},"end":{"line":12,"column":30}}},"fnMap":{"0":{"name":"(anonymous_0)","decl":{"start":{"line":5,"column":2},"end":{"line":5,"column":3}},"loc":{"start":{"line":5,"column":30},"end":{"line":9,"column":3}},"line":5}},"branchMap":{},"s":{"0":2,"1":2,"2":0,"3":0,"4":0,"5":2},"f":{"0":0},"b":{},"_coverageSchema":"1a1c01bbd47fc00a2c39e90264f33305004495a9","hash":"2c50576de84a95b4a4d57f22eaab7e7a89b32c9c"}
,"C:\\Users\\USER\\Desktop\\Projects\\Back-End Development\\Nodejs\\CRUD-of-Events\\errors\\index.js": {"path":"C:\\Users\\USER\\Desktop\\Projects\\Back-End Development\\Nodejs\\CRUD-of-Events\\errors\\index.js","statementMap":{"0":{"start":{"line":1,"column":20},"end":{"line":1,"column":44}},"1":{"start":{"line":2,"column":24},"end":{"line":2,"column":52}},"2":{"start":{"line":3,"column":17},"end":{"line":3,"column":38}},"3":{"start":{"line":4,"column":19},"end":{"line":4,"column":42}},"4":{"start":{"line":5,"column":21},"end":{"line":5,"column":46}},"5":{"start":{"line":7,"column":0},"end":{"line":13,"column":2}}},"fnMap":{},"branchMap":{},"s":{"0":2,"1":2,"2":2,"3":2,"4":2,"5":2},"f":{},"b":{},"_coverageSchema":"1a1c01bbd47fc00a2c39e90264f33305004495a9","hash":"d3cccfaf7d2adc84fa47dea44fa35691c34c2600"}
}
