TN:
SF:controllers\eventController.js
FN:6,(anonymous_0)
FN:12,(anonymous_1)
FN:23,(anonymous_2)
FN:34,(anonymous_3)
FN:52,(anonymous_4)
FNF:5
FNH:5
FNDA:1,(anonymous_0)
FNDA:2,(anonymous_1)
FNDA:2,(anonymous_2)
FNDA:2,(anonymous_3)
FNDA:2,(anonymous_4)
DA:1,1
DA:2,1
DA:3,1
DA:4,1
DA:6,1
DA:7,1
DA:9,1
DA:12,1
DA:13,2
DA:15,2
DA:16,2
DA:17,1
DA:20,2
DA:23,1
DA:24,2
DA:26,2
DA:27,2
DA:28,1
DA:31,1
DA:34,1
DA:35,2
DA:36,2
DA:38,2
DA:40,2
DA:41,1
DA:44,1
DA:46,1
DA:52,1
DA:53,2
DA:55,2
DA:56,2
DA:57,1
DA:60,1
DA:62,1
DA:64,1
DA:67,1
LF:36
LH:36
BRDA:16,0,0,1
BRDA:16,0,1,1
BRDA:27,1,0,1
BRDA:27,1,1,1
BRDA:40,2,0,1
BRDA:40,2,1,1
BRDA:56,3,0,1
BRDA:56,3,1,1
BRF:8
BRH:8
end_of_record
TN:
SF:controllers\userController.js
FN:6,(anonymous_0)
FN:22,(anonymous_1)
FNF:2
FNH:2
FNDA:2,(anonymous_0)
FNDA:4,(anonymous_1)
DA:1,1
DA:2,1
DA:3,1
DA:4,1
DA:6,1
DA:7,2
DA:9,2
DA:10,2
DA:11,1
DA:17,1
DA:19,1
DA:22,1
DA:23,4
DA:24,4
DA:25,1
DA:28,3
DA:29,3
DA:30,1
DA:36,2
DA:37,2
DA:38,1
DA:44,1
DA:45,1
DA:47,1
DA:58,1
LF:25
LH:25
BRDA:10,0,0,1
BRDA:10,0,1,1
BRDA:24,1,0,1
BRDA:24,1,1,3
BRDA:24,2,0,4
BRDA:24,2,1,3
BRDA:29,3,0,1
BRDA:29,3,1,2
BRDA:37,4,0,1
BRDA:37,4,1,1
BRF:10
BRH:10
end_of_record
TN:
SF:errors\BadRequest.js
FN:5,(anonymous_0)
FNF:1
FNH:1
FNDA:2,(anonymous_0)
DA:1,2
DA:2,2
DA:6,2
DA:7,2
DA:8,2
DA:12,2
LF:6
LH:6
BRF:0
BRH:0
end_of_record
TN:
SF:errors\CustomError.js
FN:2,(anonymous_0)
FNF:1
FNH:1
FNDA:7,(anonymous_0)
DA:3,7
DA:4,7
DA:8,2
LF:3
LH:3
BRF:0
BRH:0
end_of_record
TN:
SF:errors\NotFound.js
FN:5,(anonymous_0)
FNF:1
FNH:1
FNDA:3,(anonymous_0)
DA:1,2
DA:2,2
DA:6,3
DA:7,3
DA:8,3
DA:12,2
LF:6
LH:6
BRF:0
BRH:0
end_of_record
TN:
SF:errors\Unauthenticated.js
FN:5,(anonymous_0)
FNF:1
FNH:1
FNDA:2,(anonymous_0)
DA:1,2
DA:2,2
DA:6,2
DA:7,2
DA:8,2
DA:12,2
LF:6
LH:6
BRF:0
BRH:0
end_of_record
TN:
SF:errors\Unauthorized.js
FN:5,(anonymous_0)
FNF:1
FNH:0
FNDA:0,(anonymous_0)
DA:1,2
DA:2,2
DA:6,0
DA:7,0
DA:8,0
DA:12,2
LF:6
LH:3
BRF:0
BRH:0
end_of_record
TN:
SF:errors\index.js
FNF:0
FNH:0
DA:1,2
DA:2,2
DA:3,2
DA:4,2
DA:5,2
DA:7,2
LF:6
LH:6
BRF:0
BRH:0
end_of_record
